2025-11-24 13:39:54 [ERROR] Error: Table 'taskdb.non_existing_table' doesn't exist
    at PromisePool.query (C:\Users\hp\task-management\node_modules\mysql2\lib\promise\pool.js:36:22)
    at C:\Users\hp\task-management\src\routes\tasks.js:10:14
    at Layer.handleRequest (C:\Users\hp\task-management\node_modules\router\lib\layer.js:152:17)
    at next (C:\Users\hp\task-management\node_modules\router\lib\route.js:157:13)
    at Route.dispatch (C:\Users\hp\task-management\node_modules\router\lib\route.js:117:3)
    at handle (C:\Users\hp\task-management\node_modules\router\index.js:435:11)
    at Layer.handleRequest (C:\Users\hp\task-management\node_modules\router\lib\layer.js:152:17)
    at C:\Users\hp\task-management\node_modules\router\index.js:295:15
    at processParams (C:\Users\hp\task-management\node_modules\router\index.js:582:12)
    at next (C:\Users\hp\task-management\node_modules\router\index.js:291:5)
2025-11-24 13:46:00 [ERROR] Error: Table 'taskdb.non_existing_table' doesn't exist
    at PromisePool.query (C:\Users\hp\task-management\node_modules\mysql2\lib\promise\pool.js:36:22)
    at C:\Users\hp\task-management\src\routes\tasks.js:10:14
    at Layer.handleRequest (C:\Users\hp\task-management\node_modules\router\lib\layer.js:152:17)
    at next (C:\Users\hp\task-management\node_modules\router\lib\route.js:157:13)
    at Route.dispatch (C:\Users\hp\task-management\node_modules\router\lib\route.js:117:3)
    at handle (C:\Users\hp\task-management\node_modules\router\index.js:435:11)
    at Layer.handleRequest (C:\Users\hp\task-management\node_modules\router\lib\layer.js:152:17)
    at C:\Users\hp\task-management\node_modules\router\index.js:295:15
    at processParams (C:\Users\hp\task-management\node_modules\router\index.js:582:12)
    at next (C:\Users\hp\task-management\node_modules\router\index.js:291:5)
